build/app/outputs/mapping/release/seeds.txt
kotlin.coroutines.jvm.internal.BaseContinuationImpl: void resumeWith(java.lang.Object)
androidx.core.view.ViewCompat$Api20Impl: void requestApplyInsets(android.view.View)
androidx.core.view.ViewCompat$Api18Impl: boolean isInLayout(android.view.View)
androidx.appcompat.widget.AppCompatMultiAutoCompleteTextView: void setSupportCompoundDrawablesTintList(android.content.res.ColorStateList)
kotlin.jvm.internal.FunctionReference: java.lang.String toString()
com.google.android.material.chip.Chip: float getChipMinHeight()
com.google.android.material.textfield.TextInputLayout: void setBoxBackgroundColorStateList(android.content.res.ColorStateList)
androidx.core.view.ViewCompat$Api19Impl: int getAccessibilityLiveRegion(android.view.View)
io.flutter.plugin.platform.SingleViewPresentation: io.flutter.plugin.platform.SingleViewPresentation$PresentationState detachState()
androidx.appcompat.widget.AppCompatSpinner$Api17Impl: void setTextAlignment(android.view.View,int)
com.google.android.gms.measurement.AppMeasurementReceiver: AppMeasurementReceiver()
androidx.vectordrawable.graphics.drawable.VectorDrawableCompat$VGroup: void setScaleX(float)
androidx.appcompat.widget.ActionMenuView: android.view.Menu getMenu()
androidx.appcompat.widget.ResourceManagerInternal$DrawableDelegate: ResourceManagerInternal$DrawableDelegate()
androidx.core.view.WindowInsetsCompat$Impl20: boolean isRound()
android.support.v4.media.MediaDescriptionCompat$Api21Impl: void setIconBitmap(android.media.MediaDescription$Builder,android.graphics.Bitmap)
io.flutter.embedding.engine.FlutterJNI: void nativeUpdateDisplayMetrics(long)
androidx.core.app.NotificationCompat$MessagingStyle$Api16Impl: android.app.Notification$BigTextStyle createBigTextStyle(android.app.Notification$Builder)
androidx.appcompat.widget.ActionBarContextView: void setTitle(java.lang.CharSequence)
androidx.lifecycle.Lifecycle$Event: androidx.lifecycle.Lifecycle$Event[] values()
androidx.appcompat.widget.AppCompatSpinner: android.graphics.drawable.Drawable getPopupBackground()
androidx.appcompat.widget.AppCompatRadioButton: void setSupportButtonTintMode(android.graphics.PorterDuff$Mode)
androidx.core.app.NotificationCompatBuilder$Api28Impl: android.app.Notification$Action$Builder setSemanticAction(android.app.Notification$Action$Builder,int)
androidx.core.view.accessibility.AccessibilityManagerCompat$Api19Impl: boolean removeTouchExplorationStateChangeListenerWrapper(android.view.accessibility.AccessibilityManager,androidx.core.view.accessibility.AccessibilityManagerCompat$TouchExplorationStateChangeListener)
androidx.lifecycle.ProcessLifecycleOwner$Api29Impl: void registerActivityLifecycleCallbacks(android.app.Activity,android.app.Application$ActivityLifecycleCallbacks)
androidx.constraintlayout.helper.widget.Flow: void setPaddingTop(int)
androidx.appcompat.widget.AppCompatImageView: void setImageDrawable(android.graphics.drawable.Drawable)
androidx.appcompat.widget.Toolbar: void setContentInsetStartWithNavigation(int)
com.google.android.material.search.SearchView: int getDefaultNavigationIconResource()
me.carda.awesome_notifications.core.enumerators.MediaSource: me.carda.awesome_notifications.core.enumerators.MediaSource[] values()
androidx.appcompat.widget.AppCompatCheckedTextView: void setBackgroundDrawable(android.graphics.drawable.Drawable)
me.carda.awesome_notifications.core.enumerators.NotificationLayout: me.carda.awesome_notifications.core.enumerators.NotificationLayout[] values()
com.google.android.material.textfield.TextInputLayout: void setErrorIconTintList(android.content.res.ColorStateList)
androidx.core.app.NotificationCompat$MessagingStyle$Api16Impl: android.app.Notification$BigTextStyle bigText(android.app.Notification$BigTextStyle,java.lang.CharSequence)
androidx.appcompat.widget.AppCompatTextView: void setBackgroundResource(int)
androidx.window.layout.FoldingFeature$State$Companion: FoldingFeature$State$Companion()