build/app/outputs/mapping/release/mapping.txt
# compiler: R8
# compiler_version: 3.3.70
# min_api: 21
# common_typos_disable
# {"id":"com.android.tools.r8.mapping","version":"2.0"}
# pg_map_id: 6c32e17
# pg_map_hash: SHA-256 6c32e1745f782567f8ea50149ea88b4b4d9851d5f0fbbd7c0ee6fa247cd865c2
...
com.google.firebase.messaging.RemoteMessageCreator -> com.google.firebase.messaging.s0:
    com.google.firebase.messaging.RemoteMessage createFromParcel(android.os.Parcel) -> a
    com.google.firebase.messaging.RemoteMessage[] newArray(int) -> b
    void writeToParcel(com.google.firebase.messaging.RemoteMessage,android.os.Parcel,int) -> c
com.google.firebase.messaging.RequestDeduplicator -> com.google.firebase.messaging.u0:
    java.util.Map getTokenRequests -> b
    java.util.concurrent.Executor executor -> a
    com.google.android.gms.tasks.Task $r8$lambda$kMcEhbRSGwz3-qugb68thlIwjPw(com.google.firebase.messaging.RequestDeduplicator,java.lang.String,com.google.android.gms.tasks.Task) -> a
      # {"id":"com.android.tools.r8.synthesized"}
    com.google.android.gms.tasks.Task getOrStartGetTokenRequest(java.lang.String,com.google.firebase.messaging.RequestDeduplicator$GetTokenRequest) -> b
    com.google.android.gms.tasks.Task lambda$getOrStartGetTokenRequest$0(java.lang.String,com.google.android.gms.tasks.Task) -> c
com.google.firebase.messaging.RequestDeduplicator$$ExternalSyntheticLambda0 -> com.google.firebase.messaging.t0:
# {"id":"sourceFile","fileName":"R8$$SyntheticClass"}
# {"id":"com.android.tools.r8.synthesized"}
    com.google.firebase.messaging.RequestDeduplicator com.google.firebase.messaging.RequestDeduplicator$$InternalSyntheticLambda$3$3abb54d940d560d2fd403b6647ff1858c00b0e922f9c7a12bc6ce7ad0d3b4732$0.f$0 -> a
    java.lang.String com.google.firebase.messaging.RequestDeduplicator$$InternalSyntheticLambda$3$3abb54d940d560d2fd403b6647ff1858c00b0e922f9c7a12bc6ce7ad0d3b4732$0.f$1 -> b
    void com.google.firebase.messaging.RequestDeduplicator$$InternalSyntheticLambda$3$3abb54d940d560d2fd403b6647ff1858c00b0e922f9c7a12bc6ce7ad0d3b4732$0.<init>(com.google.firebase.messaging.RequestDeduplicator,java.lang.String) -> <init>
      # {"id":"com.android.tools.r8.synthesized"}
    java.lang.Object com.google.firebase.messaging.RequestDeduplicator$$InternalSyntheticLambda$3$3abb54d940d560d2fd403b6647ff1858c00b0e922f9c7a12bc6ce7ad0d3b4732$0.then(com.google.android.gms.tasks.Task) -> a
      # {"id":"com.android.tools.r8.synthesized"}
com.google.firebase.messaging.RequestDeduplicator$GetTokenRequest -> com.google.firebase.messaging.u0$a:
com.google.firebase.messaging.SendException -> com.google.firebase.messaging.v0:
    int errorCode -> l
    int parseErrorCode(java.lang.String) -> a
com.google.firebase.messaging.ServiceStarter -> com.google.firebase.messaging.w0:
    com.google.firebase.messaging.ServiceStarter instance -> e
    java.util.Queue messagingEvents -> d
    java.lang.String firebaseMessagingServiceClassName -> a
    java.lang.Boolean hasAccessNetworkStatePermission -> c
    java.lang.Boolean hasWakeLockPermission -> b
    int doStartService(android.content.Context,android.content.Intent) -> a
    com.google.firebase.messaging.ServiceStarter getInstance() -> b
    android.content.Intent getMessagingEvent() -> c
    boolean hasAccessNetworkStatePermission(android.content.Context) -> d
    boolean hasWakeLockPermission(android.content.Context) -> e
    java.lang.String resolveServiceClassName(android.content.Context,android.content.Intent) -> f
    int startMessagingService(android.content.Context,android.content.Intent) -> g