build/app/outputs/mapping/release/usage.txt
com.google.android.material.shape.CornerTreatment:
    public void getCornerPath(float,float,com.google.android.material.shape.ShapePath)
com.google.android.material.shape.CutCornerTreatment:
    public void <init>(float)
com.google.android.material.shape.EdgeTreatment:
    public void getEdgePath(float,float,com.google.android.material.shape.ShapePath)
com.google.android.material.shape.InterpolateOnScrollPositionChangeHelper$1
com.google.android.material.shape.InterpolateOnScrollPositionChangeHelper
com.google.android.material.shape.MarkerEdgeTreatment
com.google.android.material.shape.MaterialShapeDrawable$CompatibilityShadowMode
com.google.android.material.shape.MaterialShapeDrawable:
    public static final int SHADOW_COMPAT_MODE_ALWAYS
    public static final int SHADOW_COMPAT_MODE_DEFAULT
    public static final int SHADOW_COMPAT_MODE_NEVER
    private static final float SHADOW_OFFSET_MULTIPLIER
    private static final float SHADOW_RADIUS_MULTIPLIER
    public void <init>(com.google.android.material.shape.ShapePathModel)
    public static com.google.android.material.shape.MaterialShapeDrawable createWithElevationOverlay(android.content.Context)
    public static com.google.android.material.shape.MaterialShapeDrawable createWithElevationOverlay(android.content.Context,float)
    public float getBottomLeftCornerResolvedSize()
    public float getBottomRightCornerResolvedSize()
    public android.graphics.Paint$Style getPaintStyle()
    public void getPathForSize(int,int,android.graphics.Path)
    public float getScale()
    public int getShadowCompatRotation()
    public int getShadowCompatibilityMode()
    public int getShadowElevation()
    public int getShadowVerticalOffset()
    public com.google.android.material.shape.ShapePathModel getShapedViewModel()
    public android.content.res.ColorStateList getStrokeTintList()
    public boolean isElevationOverlayInitialized()
    public boolean isPointInTransparentRegion(int,int)
    public boolean isShadowEnabled()
    public void setCornerSize(float)
    public void setEdgeIntersectionCheckEnable(boolean)
com.google.android.material.shape.MaterialShapeUtils:
    private void <init>()
com.google.android.material.shape.OffsetEdgeTreatment
com.google.android.material.shape.RelativeCornerSize:
    public static com.google.android.material.shape.RelativeCornerSize createFromCornerSize(android.graphics.RectF,com.google.android.material.shape.CornerSize)
    public float getRelativePercent()
com.google.android.material.shape.RoundedCornerTreatment:
    public void <init>(float)
com.google.android.material.shape.ShapeAppearanceModel$Builder:
    public com.google.android.material.shape.ShapeAppearanceModel$Builder setAllCorners(int,float)
    public com.google.android.material.shape.ShapeAppearanceModel$Builder setAllCorners(com.google.android.material.shape.CornerTreatment)
    public com.google.android.material.shape.ShapeAppearanceModel$Builder setAllEdges(com.google.android.material.shape.EdgeTreatment)
    public com.google.android.material.shape.ShapeAppearanceModel$Builder setBottomEdge(com.google.android.material.shape.EdgeTreatment)
    public com.google.android.material.shape.ShapeAppearanceModel$Builder setBottomLeftCorner(int,float)
    public com.google.android.material.shape.ShapeAppearanceModel$Builder setBottomRightCorner(int,float)
    public com.google.android.material.shape.ShapeAppearanceModel$Builder setLeftEdge(com.google.android.material.shape.EdgeTreatment)
    public com.google.android.material.shape.ShapeAppearanceModel$Builder setRightEdge(com.google.android.material.shape.EdgeTreatment)
    public com.google.android.material.shape.ShapeAppearanceModel$Builder setTopEdge(com.google.android.material.shape.EdgeTreatment)
    public com.google.android.material.shape.ShapeAppearanceModel$Builder setTopLeftCorner(int,float)
    public com.google.android.material.shape.ShapeAppearanceModel$Builder setTopRightCorner(int,float)